<?xml version="1.0" encoding="UTF-8" ?>
<testsuite tests="4" failures="0" name="finalprojectB.UrlValidatorTest" time="0.147" errors="3" skipped="0">
  <properties>
[...]
</properties>
  <testcase classname="finalprojectB.UrlValidatorTest" name="testManualTest" time="0.029">
    <error type="java.lang.ExceptionInInitializerError">java.lang.ExceptionInInitializerError
	at finalprojectB.UrlValidator.isValidAuthority(UrlValidator.java:393)
	at finalprojectB.UrlValidator.isValid(UrlValidator.java:327)
	at finalprojectB.UrlValidatorTest.testManualTest(UrlValidatorTest.java:287)
	at java.base/jdk.internal.reflect.NativeMethodAccessorImpl.invoke0(Native Method)
	at java.base/jdk.internal.reflect.NativeMethodAccessorImpl.invoke(NativeMethodAccessorImpl.java:62)
	at java.base/jdk.internal.reflect.DelegatingMethodAccessorImpl.invoke(DelegatingMethodAccessorImpl.java:43)
	at java.base/java.lang.reflect.Method.invoke(Method.java:564)
	at junit.framework.TestCase.runTest(TestCase.java:176)
	at junit.framework.TestCase.runBare(TestCase.java:141)
	at junit.framework.TestResult$1.protect(TestResult.java:122)
	at junit.framework.TestResult.runProtected(TestResult.java:142)
	at junit.framework.TestResult.run(TestResult.java:125)
	at junit.framework.TestCase.run(TestCase.java:129)
	at junit.framework.TestSuite.runTest(TestSuite.java:252)
	at junit.framework.TestSuite.run(TestSuite.java:247)
	at org.junit.internal.runners.JUnit38ClassRunner.run(JUnit38ClassRunner.java:86)
	at org.apache.maven.surefire.junit4.JUnit4Provider.execute(JUnit4Provider.java:252)
	at org.apache.maven.surefire.junit4.JUnit4Provider.executeTestSet(JUnit4Provider.java:141)
	at org.apache.maven.surefire.junit4.JUnit4Provider.invoke(JUnit4Provider.java:112)
	at java.base/jdk.internal.reflect.NativeMethodAccessorImpl.invoke0(Native Method)
	at java.base/jdk.internal.reflect.NativeMethodAccessorImpl.invoke(NativeMethodAccessorImpl.java:62)
	at java.base/jdk.internal.reflect.DelegatingMethodAccessorImpl.invoke(DelegatingMethodAccessorImpl.java:43)
	at java.base/java.lang.reflect.Method.invoke(Method.java:564)
	at org.apache.maven.surefire.util.ReflectionUtils.invokeMethodWithArray(ReflectionUtils.java:189)
	at org.apache.maven.surefire.booter.ProviderFactory$ProviderProxy.invoke(ProviderFactory.java:165)
	at org.apache.maven.surefire.booter.ProviderFactory.invokeProvider(ProviderFactory.java:85)
	at org.apache.maven.surefire.booter.ForkedBooter.runSuitesInProcess(ForkedBooter.java:115)
	at org.apache.maven.surefire.booter.ForkedBooter.main(ForkedBooter.java:75)
Caused by: java.lang.IllegalArgumentException: Regular expressions are missing
	at finalprojectB.RegexValidator.&lt;init&gt;(RegexValidator.java:121)
	at finalprojectB.RegexValidator.&lt;init&gt;(RegexValidator.java:96)
	at finalprojectB.RegexValidator.&lt;init&gt;(RegexValidator.java:83)
	at finalprojectB.DomainValidator.&lt;init&gt;(DomainValidator.java:107)
	at finalprojectB.DomainValidator.&lt;clinit&gt;(DomainValidator.java:96)
	... 28 more
</error>
    <system-out>Manual test starting here...
true
true
true
true
false
true
false
true
false
false
true
</system-out>
  </testcase>
  <testcase classname="finalprojectB.UrlValidatorTest" name="testYourSecondPartition" time="0.059">
    <error message="Could not initialize class finalprojectB.DomainValidator" type="java.lang.NoClassDefFoundError">java.lang.NoClassDefFoundError: Could not initialize class finalprojectB.DomainValidator
	at finalprojectB.UrlValidator.isValidAuthority(UrlValidator.java:393)
	at finalprojectB.UrlValidator.isValid(UrlValidator.java:327)
	at finalprojectB.UrlValidatorTest.testYourSecondPartition(UrlValidatorTest.java:438)
	at java.base/jdk.internal.reflect.NativeMethodAccessorImpl.invoke0(Native Method)
	at java.base/jdk.internal.reflect.NativeMethodAccessorImpl.invoke(NativeMethodAccessorImpl.java:62)
	at java.base/jdk.internal.reflect.DelegatingMethodAccessorImpl.invoke(DelegatingMethodAccessorImpl.java:43)
	at java.base/java.lang.reflect.Method.invoke(Method.java:564)
	at junit.framework.TestCase.runTest(TestCase.java:176)
	at junit.framework.TestCase.runBare(TestCase.java:141)
	at junit.framework.TestResult$1.protect(TestResult.java:122)
	at junit.framework.TestResult.runProtected(TestResult.java:142)
	at junit.framework.TestResult.run(TestResult.java:125)
	at junit.framework.TestCase.run(TestCase.java:129)
	at junit.framework.TestSuite.runTest(TestSuite.java:252)
	at junit.framework.TestSuite.run(TestSuite.java:247)
	at org.junit.internal.runners.JUnit38ClassRunner.run(JUnit38ClassRunner.java:86)
	at org.apache.maven.surefire.junit4.JUnit4Provider.execute(JUnit4Provider.java:252)
	at org.apache.maven.surefire.junit4.JUnit4Provider.executeTestSet(JUnit4Provider.java:141)
	at org.apache.maven.surefire.junit4.JUnit4Provider.invoke(JUnit4Provider.java:112)
	at java.base/jdk.internal.reflect.NativeMethodAccessorImpl.invoke0(Native Method)
	at java.base/jdk.internal.reflect.NativeMethodAccessorImpl.invoke(NativeMethodAccessorImpl.java:62)
	at java.base/jdk.internal.reflect.DelegatingMethodAccessorImpl.invoke(DelegatingMethodAccessorImpl.java:43)
	at java.base/java.lang.reflect.Method.invoke(Method.java:564)
	at org.apache.maven.surefire.util.ReflectionUtils.invokeMethodWithArray(ReflectionUtils.java:189)
	at org.apache.maven.surefire.booter.ProviderFactory$ProviderProxy.invoke(ProviderFactory.java:165)
	at org.apache.maven.surefire.booter.ProviderFactory.invokeProvider(ProviderFactory.java:85)
	at org.apache.maven.surefire.booter.ForkedBooter.runSuitesInProcess(ForkedBooter.java:115)
	at org.apache.maven.surefire.booter.ForkedBooter.main(ForkedBooter.java:75)
</error>
    <system-out>Second Partition test starting here...

Pass: invalid scheme ://www.google.com
Pass: invalid scheme ://go.au
Pass: invalid scheme ://255.255.255.255
Pass: invalid scheme ://255.com
Pass: invalid scheme http:www.google.com
Pass: invalid scheme http:go.au
Pass: invalid scheme http:255.255.255.255
Pass: invalid scheme http:255.com
Failure: invalid scheme http:/www.google.com
Failure: invalid scheme http:/go.au
Failure: invalid scheme http:/255.255.255.255
Failure: invalid scheme http:/255.com
Pass: invalid scheme www.google.com
Pass: invalid scheme go.au
Pass: invalid scheme 255.255.255.255
Pass: invalid scheme 255.com

Pass: invalid scheme ://
Pass: invalid scheme ://1.2.3.4.5
Pass: invalid scheme ://go.a
Pass: invalid scheme ://.aaa
Failure: invalid scheme http:
Pass: invalid scheme http:1.2.3.4.5
Pass: invalid scheme http:go.a
Pass: invalid scheme http:.aaa
Failure: invalid scheme http:/
Failure: invalid scheme http:/1.2.3.4.5
Failure: invalid scheme http:/go.a
Failure: invalid scheme http:/.aaa
Pass: invalid scheme 
Pass: invalid scheme 1.2.3.4.5
Pass: invalid scheme go.a
Pass: invalid scheme .aaa

Pass: invalid scheme ://www.abc.com:80
Pass: invalid scheme ://www.abc.com:65535
Pass: invalid scheme ://www.abc.com
Pass: invalid scheme ://www.abc.com:1024
Pass: invalid scheme http:www.abc.com:80
Pass: invalid scheme http:www.abc.com:65535
Pass: invalid scheme http:www.abc.com
Pass: invalid scheme http:www.abc.com:1024
Failure: invalid scheme http:/www.abc.com:80
Failure: invalid scheme http:/www.abc.com:65535
Failure: invalid scheme http:/www.abc.com
Failure: invalid scheme http:/www.abc.com:1024
Pass: invalid scheme www.abc.com:80
Pass: invalid scheme www.abc.com:65535
Pass: invalid scheme www.abc.com
Pass: invalid scheme www.abc.com:1024

Pass: invalid scheme ://www.abc.com/test1
Pass: invalid scheme ://www.abc.com/$23
Pass: invalid scheme ://www.abc.com/test1/file
Pass: invalid scheme http:www.abc.com/test1
Pass: invalid scheme http:www.abc.com/$23
Pass: invalid scheme http:www.abc.com/test1/file
Pass: invalid scheme http:/www.abc.com/test1
Pass: invalid scheme http:/www.abc.com/$23
Pass: invalid scheme http:/www.abc.com/test1/file
Pass: invalid scheme www.abc.com/test1
Pass: invalid scheme www.abc.com/$23
Pass: invalid scheme www.abc.com/test1/file

Failure: valid scheme http://
Failure: valid scheme http://1.2.3.4.5
Failure: valid scheme http://go.a
Failure: valid scheme http://.aaa
</system-out>
  </testcase>
  <testcase classname="finalprojectB.UrlValidatorTest" name="testYourFirstPartition" time="0.033"/>
  <testcase classname="finalprojectB.UrlValidatorTest" name="testIsValid" time="0.026">
    <error message="Could not initialize class finalprojectB.DomainValidator" type="java.lang.NoClassDefFoundError">java.lang.NoClassDefFoundError: Could not initialize class finalprojectB.DomainValidator
	at finalprojectB.UrlValidator.isValidAuthority(UrlValidator.java:393)
	at finalprojectB.UrlValidator.isValid(UrlValidator.java:327)
	at finalprojectB.UrlValidatorTest.testIsValid(UrlValidatorTest.java:518)
	at java.base/jdk.internal.reflect.NativeMethodAccessorImpl.invoke0(Native Method)
	at java.base/jdk.internal.reflect.NativeMethodAccessorImpl.invoke(NativeMethodAccessorImpl.java:62)
	at java.base/jdk.internal.reflect.DelegatingMethodAccessorImpl.invoke(DelegatingMethodAccessorImpl.java:43)
	at java.base/java.lang.reflect.Method.invoke(Method.java:564)
	at junit.framework.TestCase.runTest(TestCase.java:176)
	at junit.framework.TestCase.runBare(TestCase.java:141)
	at junit.framework.TestResult$1.protect(TestResult.java:122)
	at junit.framework.TestResult.runProtected(TestResult.java:142)
	at junit.framework.TestResult.run(TestResult.java:125)
	at junit.framework.TestCase.run(TestCase.java:129)
	at junit.framework.TestSuite.runTest(TestSuite.java:252)
	at junit.framework.TestSuite.run(TestSuite.java:247)
	at org.junit.internal.runners.JUnit38ClassRunner.run(JUnit38ClassRunner.java:86)
	at org.apache.maven.surefire.junit4.JUnit4Provider.execute(JUnit4Provider.java:252)
	at org.apache.maven.surefire.junit4.JUnit4Provider.executeTestSet(JUnit4Provider.java:141)
	at org.apache.maven.surefire.junit4.JUnit4Provider.invoke(JUnit4Provider.java:112)
	at java.base/jdk.internal.reflect.NativeMethodAccessorImpl.invoke0(Native Method)
	at java.base/jdk.internal.reflect.NativeMethodAccessorImpl.invoke(NativeMethodAccessorImpl.java:62)
	at java.base/jdk.internal.reflect.DelegatingMethodAccessorImpl.invoke(DelegatingMethodAccessorImpl.java:43)
	at java.base/java.lang.reflect.Method.invoke(Method.java:564)
	at org.apache.maven.surefire.util.ReflectionUtils.invokeMethodWithArray(ReflectionUtils.java:189)
	at org.apache.maven.surefire.booter.ProviderFactory$ProviderProxy.invoke(ProviderFactory.java:165)
	at org.apache.maven.surefire.booter.ProviderFactory.invokeProvider(ProviderFactory.java:85)
	at org.apache.maven.surefire.booter.ForkedBooter.runSuitesInProcess(ForkedBooter.java:115)
	at org.apache.maven.surefire.booter.ForkedBooter.main(ForkedBooter.java:75)
</error>
    <system-out>Programming test starting here...
0 2
http://www.google.comis true: Pass!
http://go.auis true: Pass!
http://255.255.255.255is true: Pass!
http://255.comis true: Pass!
</system-out>
  </testcase>
</testsuite>